Arguments: 
  D:\Softwares\nodejs\node.exe C:\Program Files (x86)\Yarn\bin\yarn.js init

PATH: 
  C:\Program Files (x86)\Common Files\Oracle\Java\javapath;C:\Program Files\Java\jdk-11.0.4\bin;C:\windows\system32;C:\windows;C:\windows\System32\Wbem;C:\windows\System32\WindowsPowerShell\v1.0\;C:\windows\System32\OpenSSH\;C:\Program Files\Intel\WiFi\bin\;C:\Program Files\Common Files\Intel\WirelessCommon\;C:\Program Files\Git\cmd;C:\Program Files (x86)\NVIDIA Corporation\PhysX\Common;C:\Program Files\NVIDIA Corporation\NVIDIA NvDLISR;C:\Program Files\PuTTY\;C:\WINDOWS\system32;C:\WINDOWS;C:\WINDOWS\System32\Wbem;C:\WINDOWS\System32\WindowsPowerShell\v1.0\;C:\WINDOWS\System32\OpenSSH\;C:\Program Files (x86)\Yarn\bin\;C:\Program Files (x86)\dotnet\;C:\Program Files\dotnet\;C:\Program Files\Docker\Docker\resources\bin;C:\ProgramData\DockerDesktop\version-bin;D:\Softwares\nodejs\;C:\ProgramData\chocolatey\bin;C:\Users\Pat\AppData\Local\Programs\Python\Python310\Scripts\;C:\Users\Pat\AppData\Local\Programs\Python\Python310\;C:\Users\Pat\.cargo\bin;C:\Program Files\Docker\Docker\resources\bin;C:\Program Files\Java\jdk1.8.0_251\bin;C:\Program Files (x86)\Common Files\Oracle\Java\javapath;C:\Users\Pat\AppData\Local\Microsoft\WindowsApps;C:\Users\Pat\AppData\Local\Programs\Microsoft VS Code\bin;C:\Program Files\Git\bin;D:\Databases\mysql-connector-java-5.1.48\D:\Databases\mysql-connector-java-5.1.48\mysql-connector-java-5.1.48.jar;D:\Databases\MongoDB\Server\4.2\bin;D:\Softwares\heroku\bin;C:\MinGW\bin;C:\Users\Pat\AppData\Local\Yarn\bin;C:\Users\Pat\AppData\Local\Android\Sdk\platform-tools;C:\Users\Pat\AppData\Local\Android\Sdk\tools\bin;C:\Users\Pat\AppData\Local\Android\Sdk\emulator;C:\Program Files\Java\jre1.8.0_251\bin;D:\Installers\flutter\bin;C:\TASM;D:\Softwares\php-8.0.11-nts-Win32-vs16-x64;D:\Coding\Java\junit4jars\hamcrest-core-1.3.jar;D:\Softwares\ffmpeg-2021-10-18-git-d04c005021-full_build\bin;C:\Program Files (x86)\Windows Kits\10[8.0]\bin\x64[x86];C:\Users\Pat\AppData\Roaming\npm;

Yarn version: 
  1.22.4

Node version: 
  16.14.2

Platform: 
  win32 x64

Trace: 
  Error: canceled
      at Interface.<anonymous> (C:\Program Files (x86)\Yarn\lib\cli.js:137008:13)
      at Interface.emit (node:events:526:28)
      at Interface._ttyWrite (node:readline:1081:16)
      at ReadStream.onkeypress (node:readline:288:10)
      at ReadStream.emit (node:events:526:28)
      at emitKeys (node:internal/readline/utils:358:14)
      at emitKeys.next (<anonymous>)
      at ReadStream.onData (node:internal/readline/emitKeypressEvents:61:36)
      at ReadStream.emit (node:events:526:28)
      at addChunk (node:internal/streams/readable:315:12)

npm manifest: 
  No manifest

yarn manifest: 
  No manifest

Lockfile: 
  No lockfile
